#
#
#
#
#
#    Don't try viewing this report without a plog-converter utility!!!
#
#    plog-converter -a GA:1,2 -t tasklist -o report.tasks /path/to/this/file.log
#
#    A link to the documentation: https://pvs-studio.com/en/docs/manual/0036/
#
#
#
#
#
d99cf3ba-6fcd-43f9-9260-1179fa3a9bed
dR'8_uR%Rr[VSRER'haa@->uR%Rc- ;/mm[cZZcfmmJ^RER']uR%[GxER U2=u$2UaPR% U2=uER2uvu2R%JERPu==UjuR%R$ckUaoc8 c'8>_-o-8>U2cu/kau==-8>c-=cU2]Uf=coahu%c/cmmc[}RER>u/o@->uR%RcdRERk8=-o-8>=R%!dR -2uR%R(L8Pu(5sUPPUoL(Fu=so8k($988s('8Pk2u/-of*}'kkRER2->u=R%!G"B"ERkauv@->uR%Rc->ocfmJnRB
dR'8_uR%Rr[VSRER'haa@->uR%Rc- ;/mm[cZZcfmmJ^RER']uR%[GxER U2=u$2UaPR% U2=uER2uvu2R%JERPu==UjuR%R$ckUaoc8 c'8>_-o-8>U2cu/kau==-8>c-=cU2]Uf=coahu%cfcmmcJ}RER>u/o@->uR%RcdRERk8=-o-8>=R%!dR -2uR%R(L8Pu(5sUPPUoL(Fu=so8k($988s('8Pk2u/-of*}'kkRER2->u=R%!G"B"ERkauv@->uR%Rc->ocfmJnRB
dR'8_uR%RCu>u]RER U2=u$2UaPR% U2=uER2uvu2R%SERPu==UjuR%Re8hac2-'u>=uc]-22cu/k-auc->cXc_Uf=}c{2-'scNCu>u]Nco8c2uUa>cP8auc8ac'8>oU'och=cUoc=hkk8ao7v-vUVb}'8P}RERk8=-o-8>=R%!dR -2uR%RcRER2->u=R%!x"B"B
dR'8_uR%Rr[bGRER'haa@->uR%Rccc- ;'cmmcS^RER']uR%[GxER U2=u$2UaPR% U2=uER2uvu2R%xERPu==UjuR%R</kau==-8>cN'cmmcSNc-=cU2]Uf=coahu}RER>u/o@->uR%RcccdRERk8=-o-8>=R%!dR -2uR%R(L8Pu(5sUPPUoL(Fu=so8k($988s('8Pk2u/-ofV}'kkRER2->u=R%!xx"B"ERkauv@->uR%RccdRB
dR'8_uR%Rr[bGRER'haa@->uR%Rc->oc:mc/3fzc/%fnRER']uR%[GxER U2=u$2UaPR% U2=uER2uvu2R%xERPu==UjuR%R</kau==-8>cN/c3cfNc-=cU2]Uf=coahu}RER>u/o@->uR%Rcauoha>c:nRERk8=-o-8>=R%!dR -2uR%R(L8Pu(5sUPPUoL(Fu=so8k($988s('8Pk2u/-ofG}'kkRER2->u=R%!G"B"ERkauv@->uR%Rc->ocfmJnRB
dR'8_uR%Rr[bGRER'haa@->uR%Rc- ;/mm[^RER']uR%[GxER U2=u$2UaPR% U2=uER2uvu2R%xERPu==UjuR%R</kau==-8>cN/cmmc[Nc-=cU2]Uf=coahu}RER>u/o@->uR%RcdRERk8=-o-8>=R%!dR -2uR%R(L8Pu(5sUPPUoL(Fu=so8k($988s('8Pk2u/-ofx}'kkRER2->u=R%!V"B"ERkauv@->uR%Rc->oc/m[nRB
dR'8_uR%Rr[bGRER'haa@->uR%Rc- ;/mm[^RER']uR%[GxER U2=u$2UaPR% U2=uER2uvu2R%xERPu==UjuR%R</kau==-8>cN/cmmc[Nc-=cU2]Uf=coahu}RER>u/o@->uR%RcdRERk8=-o-8>=R%!dR -2uR%R(L8Pu(5sUPPUoL(Fu=so8k($988s('8Pk2u/-ofJ}'kkRER2->u=R%!V"B"ERkauv@->uR%Rc->oc/m[nRB
dR'8_uR%RrGGiRER'haa@->uR%Rc->ockmxnRER']uR%[VxER U2=u$2UaPR% U2=uER2uvu2R%*ERPu==UjuR%Rg>auU'LU92uc'8_uc_uou'ou_}c1oc-=ck8==-92ucoLUocU>cuaa8ac-=ckau=u>o}RER>u/o@->uR%RBRERk8=-o-8>=R%!dR -2uR%R(L8Pu(5sUPPUoL(Fu=so8k($988s('8Pk2u/-ofJ}'kkRER2->u=R%!xb"B"ERkauv@->uR%RcBRER=U=o1_R%R{<C,w6.{xJw{RB
dR'8_uR%RrGX[RER'haa@->uR%Rc=]-o'L;/^RER']uR%VixER U2=u$2UaPR% U2=uER2uvu2R%JERPu==UjuR%R{8>=oU>ocu/kau==-8>c->c=]-o'Lc=oUouPu>o}RER>u/o@->uR%RcdRERk8=-o-8>=R%!dR -2uR%R(L8Pu(5sUPPUoL(Fu=so8k($988s('8Pk2u/-of[}'kkRER2->u=R%!V"B"ERkauv@->uR%Rc->oc/mcJnRER=U=o1_R%R{<C,w6.{Sxw{RB
dR'8_uR%Rr[ixRER'haa@->uR%RBRER']uR%*i*ER U2=u$2UaPR% U2=uER2uvu2R%JERPu==UjuR%RQ8>wv8-_c h>'o-8>c=L8h2_cauoha>cUcvU2hu}RERk8=-o-8>=R%!dR -2uR%R(L8Pu(5sUPPUoL(Fu=so8k($988s('8Pk2u/-ofX}'kkRER2->u=R%!x["B"ER=U=o1_R%R{<C,w6.{[Jw{\\RB
dR'8_uR%RrxSJbRER'haa@->uR%RccccBc]L-2uc;&auU_K -2u}u8 ;^^nc((cu>_c_8c]L-2uRER']uR%JSER U2=u$2UaPR% U2=uER2uvu2R%JERPu==UjuR%R,LucNauU_K -2uNc=oauUPc-=c'Lu'su_c 8ac<?Tc9u 8aucauU_->jc a8Pc-oEc9hoc-=c>8oc'Lu'su_cU ouacauU_->j}c\8ou>o-U2ch=uc8 c->vU2-_c_UoU}RER>u/o@->uR%RccccauU_K -2u}'28=u;^nRERk8=-o-8>=R%!dR -2uR%R(L8Pu(5sUPPUoL(Fu=so8k($988s(22-=o}'kkRER2->u=R%!xSi"B"ERkauv@->uR%RccccccccBc((cu>_c- ckauv-8h=cmmcQg@@RER=U=o1_R%R{<C,wT1?bSw{RB
dR'8_uR%Rr[ixRER'haa@->uR%RBRER']uR%*i*ER U2=u$2UaPR% U2=uER2uvu2R%xERPu==UjuR%RQ8>wv8-_c h>'o-8>c=L8h2_cauoha>cUcvU2hu}RERk8=-o-8>=R%!dR -2uR%R(L8Pu(5sUPPUoL(Fu=so8k($988s(22-=o}'kkRER2->u=R%!x[["B"ERkauv@->uR%Rcccc->_u/w3>u/ocmcQg@@nRER=U=o1_R%R{<C,w6.{[Jw{\\RB
dR'8_uR%Rr[SXRER'haa@->uR%Rc->o+ckoacmc>u]c->o;[^nRER']uR%bXSER U2=u$2UaPR% U2=uER2uvu2R%JERPu==UjuR%R,Luch=uc8 cN>u]cofku;>^NckUooua>c]U=c_uou'ou_}c\a89U92fcPuU>o%cN>u]cofku!>"N}RER>u/o@->uR%Rcauoha>nRERk8=-o-8>=R%!dR -2uR%R(L8Pu(5sUPPUoL(Fu=so8k($988s(=oUo-'ou=o}'kkRER2->u=R%!X"B"ERkauv@->uR%RdRB
dR'8_uR%RrGG*RER'haa@->uR%Rcauoha>nRER']uR%bSxER U2=u$2UaPR% U2=uER2uvu2R%xERPu==UjuR%R,Luc h>'o-8>c]U=cu/-ou_c]-oL8hocau2uU=->jcoLucNkoaNck8->oua}c$cPuP8afc2uUsc-=ck8==-92u}RER>u/o@->uR%RBRERk8=-o-8>=R%!dR -2uR%R(L8Pu(5sUPPUoL(Fu=so8k($988s(=oUo-'ou=o}'kkRER2->u=R%!iEX"B"ERkauv@->uR%Rc->o+ckoacmc>u]c->o;[^nRER=U=o1_R%R{<C,w6<6*xw{Ec{<C,w6<6[xw{\\RB
dR'8_uR%RrGiiRER'haa@->uR%Rc->o+ckoacmc>u]c->o;[^nRER U2=u$2UaPR% U2=uER2uvu2R%JERPu==UjuR%R,LucNkoaNcvUa-U92uc-=c>8och=u_cU ouacPuP8afcLU=c9uu>cU228'Uou_c 8ac-o}c{8>=-_uac'Lu's->jcoLuch=uc8 coL-=cvUa-U92u}RER>u/o@->uR%Rcauoha>nRERk8=-o-8>=R%!dR -2uR%R(L8Pu(5sUPPUoL(Fu=so8k($988s(=oUo-'ou=o}'kkRER2->u=R%!X"B"ERkauv@->uR%RdRB
dR'8_uR%RrGGiRER'haa@->uR%Rc->oc'mc[ncRER']uR%[VxER U2=u$2UaPR% U2=uER2uvu2R%JERPu==UjuR%Rg>auU'LU92uc'8_uc_uou'ou_}c1oc-=ck8==-92ucoLUocU>cuaa8ac-=ckau=u>o}RER>u/o@->uR%RBRERk8=-o-8>=R%!dR -2uR%R(L8Pu(5sUPPUoL(Fu=so8k($988s(=oUo-'ou=o}'kkRER2->u=R%!xX"B"ER=U=o1_R%R{<C,w6.{xJw{RB
dR'8_uR%Rr[[xRER'haa@->uR%Rcc'U=ucwx%RER']uR%[VxER U2=u$2UaPR% U2=uER2uvu2R%xERPu==UjuR%R,Luc'8_uch>_uacoL-=cN'U=uNc2U9u2c-=ch>auU'LU92u}c,LucNwxNcvU2huc8 coLucNh>=-j>u_c'LUaNcofkuc-=c>8oc->coLucaU>juc!S}}J[["}RER>u/o@->uR%RccdRERk8=-o-8>=R%!dR -2uR%R(L8Pu(5sUPPUoL(Fu=so8k($988s(=oUo-'ou=o}'kkRER2->u=R%!JG"B"ERkauv@->uR%RcdRER=U=o1_R%R{<C,w6.{xJw{RB
dR'8_uR%Rr[[xRER'haa@->uR%Rcc'U=ucJ[V%RER']uR%[VxER U2=u$2UaPR% U2=uER2uvu2R%xERPu==UjuR%R,Luc'8_uch>_uacoL-=cN'U=uNc2U9u2c-=ch>auU'LU92u}c,LucNJ[VNcvU2huc8 coLucNh>=-j>u_c'LUaNcofkuc-=c>8oc->coLucaU>juc!S}}J[["}RER>u/o@->uR%RccdRERk8=-o-8>=R%!dR -2uR%R(L8Pu(5sUPPUoL(Fu=so8k($988s(=oUo-'ou=o}'kkRER2->u=R%!*J"B"ERkauv@->uR%RccBRER=U=o1_R%R{<C,w6.{xJw{RB
dR'8_uR%RrVxbRER'haa@->uR%Rcauoha>cUnRER']uR%b[GER U2=u$2UaPR% U2=uER2uvu2R%JERPu==UjuR%R\8ou>o-U22fch>->-o-U2-:u_cvUa-U92ucNUNch=u_}RER>u/o@->uR%RBRERk8=-o-8>=R%!dR -2uR%R(L8Pu(5sUPPUoL(Fu=so8k($988s(=oUo-'ou=o}'kkRER2->u=R%!V*"B"ERkauv@->uR%RcBRER=U=o1_R%R{<C,w<M\[*w{\\RB
dR'8_uR%RrGG*RER'haa@->uR%Rccauoha>cSnRER']uR%bSxER U2=u$2UaPR% U2=uER2uvu2R%xERPu==UjuR%R,Luc h>'o-8>c]U=cu/-ou_c]-oL8hocau2uU=->jcoLucN>UPuNck8->oua}c$cPuP8afc2uUsc-=ck8==-92u}RER>u/o@->uR%RBRERk8=-o-8>=R%!dR -2uR%R(L8Pu(5sUPPUoL(Fu=so8k($988s(=oUo-'ou=o}'kkRER2->u=R%!G*EVX"B"ERkauv@->uR%RcccBRER=U=o1_R%R{<C,w6<6*xw{Ec{<C,w6<6[xw{\\RB
dR'8_uR%RrGG*RER'haa@->uR%Rcccccauoha>cxnRER']uR%bSxER U2=u$2UaPR% U2=uER2uvu2R%xERPu==UjuR%R,Luc h>'o-8>c]U=cu/-ou_c]-oL8hocau2uU=->jcoLucN>UPuJNck8->oua}c$cPuP8afc2uUsc-=ck8==-92u}RER>u/o@->uR%RcccBRERk8=-o-8>=R%!dR -2uR%R(L8Pu(5sUPPUoL(Fu=so8k($988s(=oUo-'ou=o}'kkRER2->u=R%!XJEGi"B"ERkauv@->uR%RcdRER=U=o1_R%R{<C,w6<6*xw{Ec{<C,w6<6[xw{\\RB
dR'8_uR%Rr[ViRER'haa@->uR%Rccc>UPuJ!*"mNNnRER']uR%xiGER U2=u$2UaPR% U2=uER2uvu2R%xERPu==UjuR%R,ah>'Uo-8>c8 c'8>=oU>ocvU2hucJGbV*}c,LucvU2hucaU>juc8 c=-j>u_c'LUacofku%c!wxJXEcxJG"}RERk8=-o-8>=R%!dR -2uR%R(L8Pu(5sUPPUoL(Fu=so8k($988s(=oUo-'ou=o}'kkRER2->u=R%!XV"B"ERkauv@->uR%Rccc>UPuJmcQg@@nRER=U=o1_R%R{<C,w1Q,*xw{RB
dR'8_uR%RrGGbRER'haa@->uR%Rccc>UPu!J"mN'NnRER']uR%bxVER U2=u$2UaPR% U2=uER2uvu2R%xERPu==UjuR%R,LucN>UPuNck8->ouac]U=ch=u_cU ouacoLucPuP8afc]U=cau2uU=u_}RER>u/o@->uR%RBRERk8=-o-8>=R%!dR -2uR%R(L8Pu(5sUPPUoL(Fu=so8k($988s(=oUo-'ou=o}'kkRER2->u=R%!XXEXb"B"ER=U=o1_R%R{<C,w6<6*Sw{Ec{<C,w6<6[Sw{\\RB
dR'8_uR%Rr[xiRER'haa@->uR%Rccc>UPuJmcQg@@nRER']uR%[V*ER U2=u$2UaPR% U2=uER2uvu2R%*ERPu==UjuR%R,LucN>UPuJNcvUa-U92uc-=cU==-j>u_cvU2hu=co]-'uc=h''u==-vu2f}c\uaLUk=coL-=c-=cUcP-=oUsu}c{Lu'sc2->u=%cGiEcX[}RER>u/o@->uR%Rccc>UPuJ!*"mNNnRERk8=-o-8>=R%!dR -2uR%R(L8Pu(5sUPPUoL(Fu=so8k($988s(=oUo-'ou=o}'kkRER2->u=R%!X[EGi"B"ERkauv@->uR%Rccc auu;>UPu^nRER=U=o1_R%R{<C,w6.{x*w{RB
dR'8_uR%Rr[ixRER'haa@->uR%RBRER']uR%*i*ER U2=u$2UaPR% U2=uER2uvu2R%xERPu==UjuR%RQ8>wv8-_c h>'o-8>c=L8h2_cauoha>cUcvU2hu}RERk8=-o-8>=R%!dR -2uR%R(L8Pu(5sUPPUoL(Fu=so8k($988s(=oUo-'ou=o}'kkRER2->u=R%!Xi"B"ERkauv@->uR%Rccc>UPu!J"mN'NnRER=U=o1_R%R{<C,w6.{[Jw{\\RB
dR'8_uR%Rr[[GRER'haa@->uR%RcU!*J"mxnRER']uR%GXGER U2=u$2UaPR% U2=uER2uvu2R%xERPu==UjuR%R$aaUfc8vuaah>c-=ck8==-92u}c,LucN*JNc->_u/c-=ck8->o->jc9uf8>_cUaaUfc98h>_}RER>u/o@->uR%RBRERk8=-o-8>=R%!dR -2uR%R(L8Pu(5sUPPUoL(Fu=so8k($988s(=oUo-'ou=o}'kkRER2->u=R%!i["B"ERkauv@->uR%Rc->ocU!xS"mdSBnRER=U=o1_R%R{<C,w$CC*Sw{RB
dR'8_uR%Rr[[VRER'haa@->uR%Rc- ;uvmm6-__2u^RER']uR%ViGER U2=u$2UaPR% U2=uER2uvu2R%JERPu==UjuR%R,LucvU2hu=c8 c_-  uau>ocu>hPcofku=cUauc'8PkUau_%cuvcmmc6-__2u}c,fku=%c<r$2-j>Ec<I$2-j>}RER>u/o@->uR%Rccauoha>cSnRERk8=-o-8>=R%!dR -2uR%R(L8Pu(5sUPPUoL(Fu=so8k($988s(=oUo-'ou=o}'kkRER2->u=R%!x*G"B"ERkauv@->uR%RdRER=U=o1_R%R{<C,w6.{Sxw{RB
dR'8_uR%RrGG*RER'haa@->uR%RBRER']uR%bSxER U2=u$2UaPR% U2=uER2uvu2R%xERPu==UjuR%Rr-=-9-2-ofc='8kuc8 coLucNau_{hkNck8->ouac]U=cu/-ou_c]-oL8hocau2uU=->jcoLucPuP8af}c$cPuP8afc2uUsc-=ck8==-92u}RERk8=-o-8>=R%!dR -2uR%R(L8Pu(5sUPPUoL(Fu=so8k($988s(=oUo-'ou=o}'kkRER2->u=R%!xiVExix"B"ERkauv@->uR%Rcccc((=o_%%'8hocyyc92hu{hkw3'828acyyc=o_%%u>_2nRER=U=o1_R%R{<C,w6<6*xw{Ec{<C,w6<6[xw{\\RB
dR'8_uR%RrGG*RER'haa@->uR%RBRER']uR%bSxER U2=u$2UaPR% U2=uER2uvu2R%xERPu==UjuR%Rr-=-9-2-ofc='8kuc8 coLucN92hu{hkNck8->ouac]U=cu/-ou_c]-oL8hocau2uU=->jcoLucPuP8af}c$cPuP8afc2uUsc-=ck8==-92u}RERk8=-o-8>=R%!dR -2uR%R(L8Pu(5sUPPUoL(Fu=so8k($988s(=oUo-'ou=o}'kkRER2->u=R%!xiVExib"B"ERkauv@->uR%Rcccc((=o_%%'8hocyyc92hu{hkw3'828acyyc=o_%%u>_2nRER=U=o1_R%R{<C,w6<6*xw{Ec{<C,w6<6[xw{\\RB
